<?xml version="1.0" encoding="UTF-8"?>
<!-- Generated by org.testng.reporters.JUnitReportReporter -->
<testsuite skipped="0" hostname="ADMIN-PC" name="com.demoapp.testcases.TC_LoginTest" tests="1" failures="0" timestamp="17 Nov 2023 14:07:44 GMT" time="76.085" errors="0">
  <testcase name="loginTest" time="76.085" classname="com.demoapp.testcases.TC_LoginTest"/>
</testsuite> <!-- com.demoapp.testcases.TC_LoginTest -->
